<?xml version="1.0" encoding="UTF-8"?>
<!-- Generated by org.testng.reporters.JUnitReportReporter -->
<testsuite hostname="kiran" failures="0" tests="1" name="sep_2025.NewTest" time="0.006" errors="0" timestamp="2025-09-21T00:21:46 IST" skipped="0">
  <testcase classname="sep_2025.NewTest" name="f" time="0.006"/>
</testsuite> <!-- sep_2025.NewTest -->
